<?xml version="1.0" encoding="utf-8"?><testsuites name="pytest tests"><testsuite name="pytest" errors="0" failures="0" skipped="0" tests="18" time="0.031" timestamp="2025-10-22T14:13:44.310905+02:00" hostname="digrup"><testcase classname="tests.unit.calc_test.TestCalculate" name="test_add_method_fails_with_nan_parameter" time="0.000" /><testcase classname="tests.unit.calc_test.TestCalculate" name="test_add_method_returns_correct_result" time="0.000" /><testcase classname="tests.unit.calc_test.TestCalculate" name="test_divide_method_fails_with_division_by_zero" time="0.000" /><testcase classname="tests.unit.calc_test.TestCalculate" name="test_divide_method_fails_with_nan_parameter" time="0.000" /><testcase classname="tests.unit.calc_test.TestCalculate" name="test_divide_method_returns_correct_result" time="0.000" /><testcase classname="tests.unit.calc_test.TestCalculate" name="test_log10_method_fails_with_nan_parameter" time="0.000" /><testcase classname="tests.unit.calc_test.TestCalculate" name="test_log10_method_fails_with_non_positive_number" time="0.000" /><testcase classname="tests.unit.calc_test.TestCalculate" name="test_log10_method_returns_correct_result" time="0.000" /><testcase classname="tests.unit.calc_test.TestCalculate" name="test_multiply_method_returns_correct_result" time="0.001" /><testcase classname="tests.unit.calc_test.TestCalculate" name="test_power_method_fails_with_nan_parameter" time="0.000" /><testcase classname="tests.unit.calc_test.TestCalculate" name="test_power_method_returns_correct_result" time="0.000" /><testcase classname="tests.unit.calc_test.TestCalculate" name="test_sqrt_method_fails_with_nan_parameter" time="0.000" /><testcase classname="tests.unit.calc_test.TestCalculate" name="test_sqrt_method_fails_with_negative_number" time="0.000" /><testcase classname="tests.unit.calc_test.TestCalculate" name="test_sqrt_method_returns_correct_result" time="0.000" /><testcase classname="tests.unit.calc_test.TestCalculate" name="test_substract_method_fails_with_nan_parameter" time="0.000" /><testcase classname="tests.unit.calc_test.TestCalculate" name="test_substract_method_returns_correct_result" time="0.000" /><testcase classname="tests.unit.util_test.TestUtil" name="test_convert_to_number_correct_param" time="0.000" /><testcase classname="tests.unit.util_test.TestUtil" name="test_convert_to_number_invalid_type" time="0.000" /></testsuite></testsuites>