<?xml version="1.0" encoding="utf-8"?><testsuites name="pytest tests"><testsuite name="pytest" errors="0" failures="0" skipped="0" tests="19" time="0.077" timestamp="2025-10-22T13:58:14.387515+02:00" hostname="digrup"><testcase classname="tests.rest.api_test_local.TestApiLocal" name="test_api_add" time="0.003" /><testcase classname="tests.rest.api_test_local.TestApiLocal" name="test_api_add_invalid_parameter" time="0.001" /><testcase classname="tests.rest.api_test_local.TestApiLocal" name="test_api_divide" time="0.000" /><testcase classname="tests.rest.api_test_local.TestApiLocal" name="test_api_divide_by_zero" time="0.000" /><testcase classname="tests.rest.api_test_local.TestApiLocal" name="test_api_divide_invalid_parameter" time="0.000" /><testcase classname="tests.rest.api_test_local.TestApiLocal" name="test_api_hello" time="0.000" /><testcase classname="tests.rest.api_test_local.TestApiLocal" name="test_api_log10" time="0.000" /><testcase classname="tests.rest.api_test_local.TestApiLocal" name="test_api_log10_invalid_parameter" time="0.000" /><testcase classname="tests.rest.api_test_local.TestApiLocal" name="test_api_log10_negative_number" time="0.001" /><testcase classname="tests.rest.api_test_local.TestApiLocal" name="test_api_log10_zero" time="0.001" /><testcase classname="tests.rest.api_test_local.TestApiLocal" name="test_api_multiply" time="0.001" /><testcase classname="tests.rest.api_test_local.TestApiLocal" name="test_api_multiply_invalid_parameter" time="0.000" /><testcase classname="tests.rest.api_test_local.TestApiLocal" name="test_api_power" time="0.000" /><testcase classname="tests.rest.api_test_local.TestApiLocal" name="test_api_power_invalid_parameter" time="0.000" /><testcase classname="tests.rest.api_test_local.TestApiLocal" name="test_api_sqrt" time="0.000" /><testcase classname="tests.rest.api_test_local.TestApiLocal" name="test_api_sqrt_invalid_parameter" time="0.000" /><testcase classname="tests.rest.api_test_local.TestApiLocal" name="test_api_sqrt_negative_number" time="0.000" /><testcase classname="tests.rest.api_test_local.TestApiLocal" name="test_api_substract" time="0.001" /><testcase classname="tests.rest.api_test_local.TestApiLocal" name="test_api_substract_invalid_parameter" time="0.001" /></testsuite></testsuites>